<?xml version="1.0" encoding="UTF-8"?>
<testng-results ignored="0" total="2" passed="2" failed="0" skipped="0">
  <reporter-output>
  </reporter-output>
  <suite started-at="2018-11-12T17:35:04Z" name="BGSR FW" finished-at="2018-11-12T17:35:21Z" duration-ms="16472">
    <groups>
    </groups>
    <test started-at="2018-11-12T17:35:04Z" name="Sample Test" finished-at="2018-11-12T17:35:21Z" duration-ms="16472">
      <class name="test.SampleTest">
        <test-method is-config="true" signature="setUp()[pri:0, instance:test.SampleTest@6a2f6f80]" started-at="2018-11-12T12:35:04Z" name="setUp" finished-at="2018-11-12T12:35:08Z" duration-ms="3235" status="PASS">
          <reporter-output>
          </reporter-output>
        </test-method> <!-- setUp -->
        <test-method signature="test1()[pri:0, instance:test.SampleTest@6a2f6f80]" started-at="2018-11-12T12:35:08Z" name="test1" finished-at="2018-11-12T12:35:12Z" duration-ms="4660" status="PASS">
          <reporter-output>
          </reporter-output>
        </test-method> <!-- test1 -->
        <test-method is-config="true" signature="tearDown()[pri:0, instance:test.SampleTest@6a2f6f80]" started-at="2018-11-12T12:35:12Z" name="tearDown" finished-at="2018-11-12T12:35:13Z" duration-ms="1093" status="PASS">
          <reporter-output>
          </reporter-output>
        </test-method> <!-- tearDown -->
        <test-method is-config="true" signature="setUp()[pri:0, instance:test.SampleTest@6a2f6f80]" started-at="2018-11-12T12:35:13Z" name="setUp" finished-at="2018-11-12T12:35:16Z" duration-ms="2476" status="PASS">
          <reporter-output>
          </reporter-output>
        </test-method> <!-- setUp -->
        <test-method signature="test2()[pri:0, instance:test.SampleTest@6a2f6f80]" started-at="2018-11-12T12:35:16Z" name="test2" finished-at="2018-11-12T12:35:20Z" duration-ms="4111" status="PASS">
          <reporter-output>
          </reporter-output>
        </test-method> <!-- test2 -->
        <test-method is-config="true" signature="tearDown()[pri:0, instance:test.SampleTest@6a2f6f80]" started-at="2018-11-12T12:35:20Z" name="tearDown" finished-at="2018-11-12T12:35:21Z" duration-ms="872" status="PASS">
          <reporter-output>
          </reporter-output>
        </test-method> <!-- tearDown -->
      </class> <!-- test.SampleTest -->
    </test> <!-- Sample Test -->
  </suite> <!-- BGSR FW -->
</testng-results>
